============================================================
  Generated by:           Genus(TM) Synthesis Solution 20.11-s111_1
  Generated on:           Apr 16 2026  01:44:17 pm
  Module:                 upcounter_4bit
  Operating conditions:   slow (balanced_tree)
  Wireload mode:          enclosed
  Area mode:              timing library
============================================================


Path 1: MET (13811 ps) Late External Delay Assertion at pin count[1]
          Group: clk
     Startpoint: (R) count_reg[1]/CK
          Clock: (R) clk
       Endpoint: (R) count[1]
          Clock: (R) clk

                     Capture       Launch     
        Clock Edge:+   20000            0     
       Src Latency:+       0            0     
       Net Latency:+       0 (I)        0 (I) 
           Arrival:=   20000            0     
                                              
      Output Delay:-    5000                  
       Uncertainty:-     500                  
     Required Time:=   14500                  
      Launch Clock:-       0                  
         Data Path:-     689                  
             Slack:=   13811                  

Exceptions/Constraints:
  output_delay             5000            upcounter_4bit.sdc_line_12_3_1 

#----------------------------------------------------------------------------------------
#  Timing Point   Flags   Arc   Edge   Cell     Fanout Load Trans Delay Arrival Instance 
#                                                      (fF)  (ps)  (ps)   (ps)  Location 
#----------------------------------------------------------------------------------------
  count_reg[1]/CK -       -     R     (arrival)      4    -   200     0       0    (-,-) 
  count_reg[1]/Q  -       CK->Q R     SDFFRHQX1      5 57.8   491   689     689    (-,-) 
  count[1]        <<<     -     R     (port)         -    -     -     0     689    (-,-) 
#----------------------------------------------------------------------------------------

