============================================================
  Generated by:           Genus(TM) Synthesis Solution 20.11-s111_1
  Generated on:           Apr 16 2026  01:44:17 pm
  Module:                 upcounter_4bit
  Operating conditions:   slow (balanced_tree)
  Wireload mode:          enclosed
  Area mode:              timing library
============================================================

                              
   Gate    Instances   Area   Library 
--------------------------------------
INVXL              4    9.083    slow 
MX2XL              2   15.138    slow 
NAND2BXL           1    4.541    slow 
NAND2XL            2    6.055    slow 
OAI211XL           1    5.298    slow 
OAI21XL            1    4.541    slow 
OAI2BB1XL          1    5.298    slow 
SDFFRHQX1          2   49.955    slow 
SDFFRHQX4          2   63.580    slow 
XNOR2XL            1    8.326    slow 
--------------------------------------
total             17  171.816         


                                        
     Type      Instances   Area  Area % 
----------------------------------------
sequential             4 113.535   66.1 
inverter               4   9.083    5.3 
logic                  9  49.199   28.6 
physical_cells         0   0.000    0.0 
----------------------------------------
total                 17 171.816  100.0 

