
 
Copyright (C) 2002-2020 Cadence Design Systems Inc. All Rights Reserved. 
Cadence and the Cadence logo are registered trademarks and Modus is a trademark 
of Cadence Design Systems, Inc. in the United States and other countries.

Type 'help legal_notices' for third party license notices. 
Version : 20.12-s002_1, built Feb 26 2021 (linux26_64)
Options : 
Date    : Thu, April 16 13:45:31 2026
Host    : vlsi-3.iiitk.ac.in (x86_64 Linux 3.10.0-1160.el7.x86_64) (6*Intel(R) Core(TM) i7-8700 CPU @ 3.20GHz 12288KB)
OS      : Red Hat Enterprise Linux Server release 7.9 (Maipo)
@modus:root:/ 1> source run_modus_atpg.tcl 
#@ Begin verbose source run_modus_atpg.tcl
@file(run_modus_atpg.tcl) 1: puts "\n============================================="

=============================================
@file(run_modus_atpg.tcl) 2: puts "Starting Modus Test Run Script for upcounter_4bit"
Starting Modus Test Run Script for upcounter_4bit
@file(run_modus_atpg.tcl) 3: puts "=============================================\n"
=============================================

@file(run_modus_atpg.tcl) 5: set WORKDIR ./
@file(run_modus_atpg.tcl) 6: set CELL upcounter_4bit
@file(run_modus_atpg.tcl) 7: set RESULTS_DIR $WORKDIR/results
@file(run_modus_atpg.tcl) 8: file mkdir $RESULTS_DIR
@file(run_modus_atpg.tcl) 10: set NETLIST $WORKDIR/upcounter_4bit_post_dft.v
@file(run_modus_atpg.tcl) 11: set LIBRARY "/home/install/FOUNDRY/digital/90nm/dig/vlog/typical.v"
@file(run_modus_atpg.tcl) 12: set TESTMODE FULLSCAN
@file(run_modus_atpg.tcl) 14: set ASSIGNFILE ""
@file(run_modus_atpg.tcl) 15: set MODEDEF ""
@file(run_modus_atpg.tcl) 16: catch {
    set ASSIGNFILE [exec bash -c "find $WORKDIR -type f -name \"*.pinassign\" | head -n 1"]
    set MODEDEF [exec bash -c "find $WORKDIR -type f -name \"*.modedef\" | head -n 1"]
}
@file(run_modus_atpg.tcl) 21: puts ">>> Building Test Model"
>>> Building Test Model
@file(run_modus_atpg.tcl) 22: build_model -cell $CELL -workdir $WORKDIR -designsource $NETLIST -techlib $LIBRARY -designtop $CELL -allowmissingmodules yes 
Starting Command: build_model 

INFO (TDA-015): Log File: .//testresults/logs/log_build_model_041626134546-271651000 [end TDA_015]

INFO (TEI-195): Build Model - Controller starting: [end TEI_195] 


Search Order  1:  ".//upcounter_4bit_post_dft.v"
Search Order  2:  "/home/install/FOUNDRY/digital/90nm/dig/vlog/typical.v"



Reading Verilog data from .//upcounter_4bit_post_dft.v

Verilog Parser complete - 1 modules, 0 gates, 0 user defined primitives.


Reading Verilog data from /home/install/FOUNDRY/digital/90nm/dig/vlog/typical.v

Verilog Parser complete - 480 modules, 1855 gates, 3 user defined primitives.



INFO (TEI-196): Build Model - Hierarchical Model Build starting: [end TEI_196] 

WARNING (TEI-110): Pin 'NOTIFIER' of 'cell udp_dff' has no external net connection for any usage in the design. Cell contents file: '/home/install/FOUNDRY/digital/90nm/dig/vlog/typical.v'.  [end TEI_110] 


Number of blocks in the hierarchical model is: 142.

Number of technology library cell instances in the hierarchical model is: 18.


INFO (TEI-197): Build Model - Hierarchical Model Build completed. [end TEI_197] 



INFO (TEI-198): Build Model - Flat Model Build starting: [end TEI_198] 

 defaultTIE = X
 defaultDFN = T


INFO (TLM-055): Design Summary
                --------------

Hierarchical Model:                  Flattened Model:
            142  Blocks                         108  Blocks
            443  Pins                           108  Nodes
            250  Nets

Primary Inputs:                      Primary Outputs:
          6  Input Only                         5  Output Only
          0  Input/Output                       0  Input/Output
          6  Total Inputs                       5  Total Outputs

Tied Nets:                           Dotted Nets:
          8  Tied to 0                          0  Two-State
          4  Tied to 1                          0  Three-State
          0  Tied to X                          0  Total Dotted Nets
         12  Total Tied Nets

Selected Primitive Functions:
          0  Clock Chopper (CHOP) primitives 
          0  RAMs
          0  ROMs
          0  TSDs
          0  Resistors
          0  Transistors
          6  MUX2s
          0  Latches


          4  Rising  Edge Flop w/Set-Dominant and Reset Port
          4  Total Flops

         18  Technology Library Cell Instances

[end TLM_055] 
Optimization removed logic for 2 of 14 cells in this design.

Optimization removed a total of 0 tied Latch Ports.
Optimization removed a total of 4 non-controlling inputs.
Optimization removed a total of 12 dangling logic nodes.



INFO (TEI-199): Build Model - Flat Model Build completed.  [end TEI_199] 


INFO (TDA-001): Maximum Memory used during the run and Cumulative Time in hours:minutes:seconds:

                  Total Memory =          101,265,248  bytes

                      CPU Time =    0:00:00.60
                  Elapsed Time =    0:00:01.18                    [end TDA_001]



INFO (TEI-200): Build Model - Controller completed. [end TEI_200] 




-------------------------------------------------------------------------------
*                      Message Summary                                        *
-------------------------------------------------------------------------------
 Count  Number             First Instance of Message Text
------- ------             ------------------------------

  INFO Messages...
      1 INFO (TEI-195): Build Model - Controller starting:  
      1 INFO (TEI-196): Build Model - Hierarchical Model Build starting:  
      1 INFO (TEI-197): Build Model - Hierarchical Model Build completed.  
      1 INFO (TEI-198): Build Model - Flat Model Build starting:  
      1 INFO (TEI-199): Build Model - Flat Model Build completed.   
      1 INFO (TEI-200): Build Model - Controller completed.  
      1 INFO (TLM-055): Design Summary

  WARNING Messages...
      1 WARNING (TEI-110): Pin 'NOTIFIER' of 'cell udp_dff' has no external net connection for any usage in the design. Cell contents file: '/home/install/FOUNDRY/digital/90nm/dig/vlog/typical.v'.   

 For a detailed explanation of a message and a suggested user response execute 'msgHelp <message id>'.  For example: msgHelp TDA-009

-------------------------------------------------------------------------------
@file(run_modus_atpg.tcl) 24: puts ">>> Building Test Mode $TESTMODE"
>>> Building Test Mode FULLSCAN
@file(run_modus_atpg.tcl) 25: if {$MODEDEF ne ""} {
    build_testmode -workdir $WORKDIR -testmode $TESTMODE -modedef $MODEDEF -assignfile $ASSIGNFILE 
} else {
    build_testmode -workdir $WORKDIR -testmode $TESTMODE -assignfile $ASSIGNFILE 
}
Starting Command: build_testmode 

INFO (TDA-015): Log File: .//testresults/logs/log_build_testmode_FULLSCAN_041626134555-021462000 [end TDA_015]

MODEDEFPATH set to:  /home/install/MODUS201/tools.lnx86/tb/defaults/rules/modedef 
TDRPATH set to: /home/install/MODUS201/tools.lnx86/tb/defaults/rules/tdr 

Modus Build Test Mode(s) beginning...

   TDR NAME      =  dummy.tdr 

   SCAN_TYPE     =  GSD 
   BOUNDARY      =  NONE 
   IN            =  PI 
   OUT           =  PO 

INFO (TTM-391): A default modeinit sequence will be generated.   [end TTM_391] 
INFO (TTM-387): A default scanop sequence will be generated.   [end TTM_387] 
INFO (THM-814): Testmode contains 95.37% active logic,  4.63% inactive logic and  0.00% constraint logic.   [end THM_814] 
WARNING (TTM-347): There is less than 96 percent active logic in this test mode.  Global fault
           coverage is impacted when too little of the logic is visible.   [end TTM_347] 
INFO (TTM-357): There are 1 scan chains which are controllable and observable.   [end TTM_357] 

There are no PPIs for Test Mode:  FULLSCAN

Information for Test Mode:  FULLSCAN
-------------------------

         Scan Type = GSD


 Latch Summary for Test Mode:  FULLSCAN
 Latch Type                #Active   #Inactive       Total
 ---------------------   ---------   ---------   ---------
 Test Constraint (TC)            0           0           0 
 Scan Enable     (SE)            0           0           0 
 Fixed Value     (FV)            0           0           0 
 Floating                        0           0           0 
 Finite State    (FSM)           0           0           0 

WARNING (TTM-809): Test mode FULLSCAN has been created, WARNINGs have been generated -
           see preceding message(s) for details. [end TTM_809] 

Test Function Pin Information for Test Mode:  FULLSCAN
-------------------------------------------

          2  SC    (System  Clock)             Pins
          0  PC    (P Shift Clock)             Pins
          1  EC    (E Shift Clock)             Pins

          0  OSC   (Oscillator)                Pins

          0  TI    (Test Inhibit)              Pins
          1  SE    (Scan Enable)               Pins
          0  CI    (Clock Isolation)           Pins
          0  OI    (Output Inhibit)            Pins

          1  SI    (Scan Input)                Pins
          1  SO    (Scan Output)               Pins

  Pin Index    Type Test Function                         Pin Name / Net Name
  ---------    ---- ----------------------------------    -------------------
          2      PI  -SC                                  reset / reset
          0      PI  -EC  -SC                             clk / clk
          3      PI  +SE                                  scan_en / scan_en
          4      PI   SI                                  scan_in / scan_in
         10      PO   SO                                  scan_out / scan_out



Modus Build Test Mode(s) completed. Highest severity is (WARNING).

            Cumulative Time in hours:minutes:seconds:
                   CPU Time =   0:00:00.08
               Elapsed Time =   0:00:02.20




-------------------------------------------------------------------------------
*                      Message Summary                                        *
-------------------------------------------------------------------------------
 Count  Number             First Instance of Message Text
------- ------             ------------------------------

  INFO Messages...
      1 INFO (THM-814): Testmode contains 95.37% active logic,  4.63% inactive logic and  0.00% constraint logic.    
      1 INFO (TTM-357): There are 1 scan chains which are controllable and observable.    
      1 INFO (TTM-387): A default scanop sequence will be generated.    
      1 INFO (TTM-391): A default modeinit sequence will be generated.    

  WARNING Messages...
      1 WARNING (TTM-347): There is less than 96 percent active logic in this test mode.  Global fault
      1 WARNING (TTM-809): Test mode FULLSCAN has been created, WARNINGs have been generated -

 For a detailed explanation of a message and a suggested user response execute 'msgHelp <message id>'.  For example: msgHelp TDA-009

-------------------------------------------------------------------------------
@file(run_modus_atpg.tcl) 31: puts ">>> Verifying & Reporting Test Structures..."
>>> Verifying & Reporting Test Structures...
@file(run_modus_atpg.tcl) 32: verify_test_structures -workdir $WORKDIR -testmode $TESTMODE > $RESULTS_DIR/verify_structures.rpt
@file(run_modus_atpg.tcl) 33: report_test_structures -workdir $WORKDIR -testmode $TESTMODE > $RESULTS_DIR/test_structures.rpt
@file(run_modus_atpg.tcl) 35: puts ">>> Building Test Fault Model..."
>>> Building Test Fault Model...
@file(run_modus_atpg.tcl) 36: build_faultmodel -fullfault yes
INFO (TUI-772): The command 'build_faultmodel' will release the currently acquired resources. Please set the context and circuit state after completion of the command. [end TUI_772] 

Starting Command: build_faultmodel 

INFO (TDA-015): Log File: ./testresults/logs/log_build_faultmodel_041626134601-737969000 [end TDA_015]

INFO (TFM-099): Build Fault Model started.  [end TFM_099] 
INFO (TFM-102): Creating faultModel file ./tbdata/faultModel.  [end TFM_102] 

Global Ignored Static Fault Count                10
Global Ignored Dynamic Fault Count               18


                            Global Statistics

                    ATCov  ----------------------- Global Faults --------------------------
                   Global        Total       Tested     Possibly    Redundant     Untested

Total Static         0.00          199            0            0            0          199
Collapsed Static     0.00          145            0            0            0          145
PI Static            0.00           10            0            0            0           10
PO Static            0.00           10            0            0            0           10

Total Dynamic        0.00          214            0            0            0          214
Collapsed Dynamic    0.00          146            0            0            0          146
PI Dynamic           0.00           10            0            0            0           10
PO Dynamic           0.00           10            0            0            0           10

Parametric        

IDDq                 0.00          199            0                                    199



INFO (TFM-103): Creating faultStatus file ./tbdata/faultStatus.  [end TFM_103] 

                           Testmode Statistics: FULLSCAN

                 ---- ATCov ---- ------------------------ Testmode Faults ----------------------- ------------------------- Global Faults ------------------------
                 Testmode Global        Total       Tested     Possibly    Redundant     Untested        Total       Tested     Possibly    Redundant     Untested

Total Static         0.00   0.00          199            0            0            0          199          199            0            0            0          199
Collapsed Static     0.00   0.00          145            0            0            0          145          145            0            0            0          145
PI Static            0.00   0.00           10            0            0            0           10           10            0            0            0           10
PO Static            0.00   0.00           10            0            0            0           10           10            0            0            0           10

Total Dynamic        0.00   0.00          184            0            0            0          184          214            0            0            0          214
Collapsed Dynamic    0.00   0.00          124            0            0            0          124          146            0            0            0          146
PI Dynamic           0.00   0.00            6            0            0            0            6           10            0            0            0           10
PO Dynamic           0.00   0.00           10            0            0            0           10           10            0            0            0           10

Parametric        

IDDq                 0.00   0.00          199            0                                    199          199            0                                    199

Path                 0.00   0.00            0            0                                      0            0            0                                      0



INFO (TFM-704): Maximum Global Test Coverage Statistics: 

                  %Active      #Faults      #Active    #Inactive
Total Static       100.00          199          199            0
Collapsed Static   100.00          145          145            0
PI Static          100.00           10           10            0
PO Static          100.00           10           10            0

Total Dynamic       85.98          214          184           30
Collapsed Dynamic   84.93          146          124           22
PI Dynamic          60.00           10            6            4
PO Dynamic         100.00           10           10            0

Parametric        

There are 1 test mode(s) defined:
      FULLSCAN

[end TFM_704]
INFO (TFM-109): Build Fault Model has completed with highest level severity message of INFO.  [end TFM_109] 

INFO (TDA-001): Maximum Memory used during the run and Cumulative Time in hours:minutes:seconds:

                  Total Memory =            6,285,680  bytes

                      CPU Time =    0:00:00.01
                  Elapsed Time =    0:00:00.13                    [end TDA_001]

     Date Ended:  Thursday Apr 16 13:46:02 2026  IST




-------------------------------------------------------------------------------
*                      Message Summary                                        *
-------------------------------------------------------------------------------
 Count  Number             First Instance of Message Text
------- ------             ------------------------------

  INFO Messages...
      1 INFO (TFM-099): Build Fault Model started.   
      1 INFO (TFM-102): Creating faultModel file ./tbdata/faultModel.   
      1 INFO (TFM-103): Creating faultStatus file ./tbdata/faultStatus.   
      1 INFO (TFM-109): Build Fault Model has completed with highest level severity message of INFO.   
      1 INFO (TFM-704): Maximum Global Test Coverage Statistics: 

 For a detailed explanation of a message and a suggested user response execute 'msgHelp <message id>'.  For example: msgHelp TDA-009

-------------------------------------------------------------------------------
@file(run_modus_atpg.tcl) 38: puts ">>> Generating ATPG Tests..."
>>> Generating ATPG Tests...
@file(run_modus_atpg.tcl) 39: create_scanchain_tests -testmode $TESTMODE -experiment scan
Starting Command: create_scanchain_tests 

INFO (TDA-015): Log File: ./testresults/logs/log_create_scanchain_tests_FULLSCAN_scan_041626134604-104698000 [end TDA_015]



****************************************************************************************************
Coverage Definitions:
 #Faults  : Number of Active Faults (observable).
 #Tested  : Number of Active Faults marked tested.
 #Possibly: Number of Active Faults marked possibly tested
            (good value is 0 or 1; fault value is X).
 #Redund  : Number of Active Faults untestable due to redundancy.
 #Untested: Number of Active Faults untested.
 %TCov  (%Test Coverage)                      : #Tested / #Faults
 %ATCov (%Adjusted TCov)                      : #Tested / (#Faults-#Redund)
****************************************************************************************************
****************************************************************************************************
                           Testmode Statistics: FULLSCAN

                           #Faults      #Tested    #Possibly      #Redund    #Untested  %TCov %ATCov
Total Static                   199            0            0            0          199   0.00   0.00
Total Dynamic                  184            0            0            0          184   0.00   0.00

                            Global Statistics

                           #Faults      #Tested    #Possibly      #Redund    #Untested  %TCov %ATCov
Total Static                   199            0            0            0          199   0.00   0.00
Total Dynamic                  214            0            0            0          214   0.00   0.00
****************************************************************************************************

*************************************************************************************************************
INFO (TTC-110): Starting Scan Test generation                                                   [end TTC_110] 

INFO (TDA-220):   --- Tests ---   Faults     ---- ATCov ----   -- Faults --   - Elapsed Time -  [end TDA_220] 
INFO (TDA-220):    Sim.    Eff.  Detected    Tmode    Global     Untested                       [end TDA_220] 
INFO (TDA-220):      1       1         94    47.24%   47.24%          105           00:01.47    [end TDA_220] 
INFO (TTC-110): Ending Scan Test generation                                                     [end TTC_110] 
*************************************************************************************************************

****************************************************************************************************
                           Testmode Statistics: FULLSCAN

                           #Faults      #Tested    #Possibly      #Redund    #Untested  %TCov %ATCov
Total Static                   199           98            0            0          101  49.25  49.25
Total Dynamic                  184           62            0            0          122  33.70  33.70

                            Global Statistics

                           #Faults      #Tested    #Possibly      #Redund    #Untested  %TCov %ATCov
Total Static                   199           98            0            0          101  49.25  49.25
Total Dynamic                  214           62            0            0          152  28.97  28.97
****************************************************************************************************


              ----Final Pattern Statistics----

 Test Section Type                       # Test Sequences
----------------------------------------------------------
 Scan                                           1
----------------------------------------------------------
 Total                                          1

(I) File(s) generated (bytes and name):

          69632 ./tbdata/faultStatus.FULLSCAN.scan
           3932 ./tbdata/TBDbin.FULLSCAN.scan

INFO (TDA-001): Maximum Memory used during the run and Cumulative Time in hours:minutes:seconds:

                  Total Memory =            6,249,200  bytes

                      CPU Time =    0:00:00.04
                  Elapsed Time =    0:00:01.73                    [end TDA_001]

     Date Ended:  Thursday Apr 16 13:46:05 2026  IST




-------------------------------------------------------------------------------
*                      Message Summary                                        *
-------------------------------------------------------------------------------
 Count  Number             First Instance of Message Text
------- ------             ------------------------------

  INFO Messages...
      3 INFO (TDA-220):   --- Tests ---   Faults     ---- ATCov ----   -- Faults --   - Elapsed Time -   
      2 INFO (TTC-110): Starting Scan Test generation                                                    

 For a detailed explanation of a message and a suggested user response execute 'msgHelp <message id>'.  For example: msgHelp TDA-009

-------------------------------------------------------------------------------
@file(run_modus_atpg.tcl) 40: create_logic_tests -testmode $TESTMODE -experiment logic
Starting Command: create_logic_tests 

INFO (TDA-015): Log File: ./testresults/logs/log_create_logic_tests_FULLSCAN_logic_041626134607-096586000 [end TDA_015]



****************************************************************************************************
Coverage Definitions:
 #Faults  : Number of Active Faults (observable).
 #Tested  : Number of Active Faults marked tested.
 #Possibly: Number of Active Faults marked possibly tested
            (good value is 0 or 1; fault value is X).
 #Redund  : Number of Active Faults untestable due to redundancy.
 #Untested: Number of Active Faults untested.
 %TCov  (%Test Coverage)                      : #Tested / #Faults
 %ATCov (%Adjusted TCov)                      : #Tested / (#Faults-#Redund)
****************************************************************************************************
****************************************************************************************************
                           Testmode Statistics: FULLSCAN

                           #Faults      #Tested    #Possibly      #Redund    #Untested  %TCov %ATCov
Total Static                   199            0            0            0          199   0.00   0.00
Total Dynamic                  184            0            0            0          184   0.00   0.00

                            Global Statistics

                           #Faults      #Tested    #Possibly      #Redund    #Untested  %TCov %ATCov
Total Static                   199            0            0            0          199   0.00   0.00
Total Dynamic                  214            0            0            0          214   0.00   0.00
****************************************************************************************************

*************************************************************************************************************
INFO (TTC-110): Starting Scan Test generation                                                   [end TTC_110] 

INFO (TDA-220):   --- Tests ---   Faults     ---- ATCov ----   -- Faults --   - Elapsed Time -  [end TDA_220] 
INFO (TDA-220):    Sim.    Eff.  Detected    Tmode    Global     Untested                       [end TDA_220] 
INFO (TDA-220):      1       1         94    47.24%   47.24%          105           00:00.90    [end TDA_220] 
INFO (TTC-110): Ending Scan Test generation                                                     [end TTC_110] 
*************************************************************************************************************

*************************************************************************************************************
INFO (TTC-110): Starting Reset/Set Test Generation                                              [end TTC_110] 

INFO (TDA-220):   --- Tests ---   Faults     ---- ATCov ----   -- Faults --   - Elapsed Time -  [end TDA_220] 
INFO (TDA-220):    Sim.    Eff.  Detected    Tmode    Global     Untested                       [end TDA_220] 
INFO (TDA-220):      1       1         10    52.26%   52.26%           95           00:00.90    [end TDA_220] 
INFO (TTC-110): Ending Reset/Set Test Generation                                                [end TTC_110] 
*************************************************************************************************************

*************************************************************************************************************
INFO (TTC-110): Starting Static Logic Test generation                                           [end TTC_110] 

INFO (TDA-220):   --- Tests ---   Faults     ---- ATCov ----   -- Faults --   - Elapsed Time -  [end TDA_220] 
INFO (TDA-220):    Sim.    Eff.  Detected    Tmode    Global     Untested                       [end TDA_220] 
INFO (TDA-220):     12      12         95    99.99%   99.99%            0           00:00.91    [end TDA_220] 
INFO (TTC-110): Ending Static Logic Test generation - processing limit reached                  [end TTC_110] 
*************************************************************************************************************

****************************************************************************************************
                           Testmode Statistics: FULLSCAN

                           #Faults      #Tested    #Possibly      #Redund    #Untested  %TCov %ATCov
Total Static                   199          199            0            0            0 100.00 100.00
Total Dynamic                  184           62            0            0          122  33.70  33.70

                            Global Statistics

                           #Faults      #Tested    #Possibly      #Redund    #Untested  %TCov %ATCov
Total Static                   199          199            0            0            0 100.00 100.00
Total Dynamic                  214           62            0            0          152  28.97  28.97
****************************************************************************************************


              ----Final Pattern Statistics----

 Test Section Type                       # Test Sequences
----------------------------------------------------------
 Scan                                           1
 Logic                                          13
----------------------------------------------------------
 Total                                          14

(I) File(s) generated (bytes and name):

          61440 ./tbdata/faultStatus.FULLSCAN.logic
          17365 ./tbdata/TBDbin.FULLSCAN.logic

INFO (TDA-001): Maximum Memory used during the run and Cumulative Time in hours:minutes:seconds:

                  Total Memory =            6,248,848  bytes

                      CPU Time =    0:00:00.04
                  Elapsed Time =    0:00:01.13                    [end TDA_001]

     Date Ended:  Thursday Apr 16 13:46:08 2026  IST




-------------------------------------------------------------------------------
*                      Message Summary                                        *
-------------------------------------------------------------------------------
 Count  Number             First Instance of Message Text
------- ------             ------------------------------

  INFO Messages...
      9 INFO (TDA-220):   --- Tests ---   Faults     ---- ATCov ----   -- Faults --   - Elapsed Time -   
      6 INFO (TTC-110): Starting Scan Test generation                                                    

 For a detailed explanation of a message and a suggested user response execute 'msgHelp <message id>'.  For example: msgHelp TDA-009

-------------------------------------------------------------------------------
@file(run_modus_atpg.tcl) 42: puts ">>> Generating Coverage Statistics..."
>>> Generating Coverage Statistics...
@file(run_modus_atpg.tcl) 43: redirect $RESULTS_DIR/test_coverage_logic.rpt {
    report_statistics -experiment logic
}
@file(run_modus_atpg.tcl) 47: puts ">>> Writing Verilog Vectors..."
>>> Writing Verilog Vectors...
@file(run_modus_atpg.tcl) 48: write_vectors -testmode $TESTMODE -inexperiment logic -language verilog -scanformat serial -outputfilename $RESULTS_DIR/test_results.v
Starting Command: write_vectors 

INFO (TDA-015): Log File: ./testresults/logs/log_write_vectors_FULLSCAN_logic_041626134609-471290000 [end TDA_015]

INFO (TVE-001): Verilog write vectors started.   [end TVE_001] 
INFO (TVE-103): There was no specified TEST offset for this clock 'pin clk'.  A default clock offset of 8.000000 ns will be used.   [end TVE_103] 
INFO (TVE-103): There was no specified SCAN offset for this clock 'pin clk'.  A default clock offset of 16.000000 ns will be used.   [end TVE_103] 
INFO (TVE-103): There was no specified TEST offset for this clock 'pin reset'.  A default clock offset of 8.000000 ns will be used.   [end TVE_103] 
INFO (TVE-004): Reading test section 1.1.  Test section type equals scan.   [end TVE_004] 
ERROR (TVE-951): Failed to open the file: ./testresults/verilog/.//results/test_results.v.cyclemap.  [end TVE_951] 
 fopen system error information:  Open Permanent File ./testresults/verilog/.//results/test_results.v.cyclemap (File Description = CycleMap): No such file or directory

INFO (TDA-001): Maximum Memory used during the run and Cumulative Time in hours:minutes:seconds:

                  Total Memory =            5,847,744  bytes

                      CPU Time =    0:00:00.00
                  Elapsed Time =    0:00:00.03                    [end TDA_001]

     Date Ended:  Thursday Apr 16 13:46:11 2026  IST

INFO (TVE-002): Verilog write vectors has terminated due to Errors.   [end TVE_002] 


-------------------------------------------------------------------------------
*                      Message Summary                                        *
-------------------------------------------------------------------------------
 Count  Number             First Instance of Message Text
------- ------             ------------------------------

  INFO Messages...
      1 INFO (TVE-001): Verilog write vectors started.    
      1 INFO (TVE-002): Verilog write vectors has terminated due to Errors.    
      1 INFO (TVE-004): Reading test section 1.1.  Test section type equals scan.    
      3 INFO (TVE-103): There was no specified TEST offset for this clock 'pin clk'.  A default clock offset of 8.000000 ns will be used.    

  ERROR Messages...
      1 ERROR (TVE-951): Failed to open the file: ./testresults/verilog/.//results/test_results.v.cyclemap.   

 For a detailed explanation of a message and a suggested user response execute 'msgHelp <message id>'.  For example: msgHelp TDA-009

-------------------------------------------------------------------------------
File 'run_modus_atpg.tcl' line 48: errors out.
#@ End verbose source run_modus_atpg.tcl
@modus:root:/ 2> source run_modus_atpg.tcl
#@ Begin verbose source run_modus_atpg.tcl
@file(run_modus_atpg.tcl) 1: puts "\n============================================="

=============================================
@file(run_modus_atpg.tcl) 2: puts "Starting Modus Test Run Script for upcounter_4bit"
Starting Modus Test Run Script for upcounter_4bit
@file(run_modus_atpg.tcl) 3: puts "=============================================\n"
=============================================

@file(run_modus_atpg.tcl) 5: set WORKDIR ./
@file(run_modus_atpg.tcl) 6: set CELL upcounter_4bit
@file(run_modus_atpg.tcl) 7: set RESULTS_DIR $WORKDIR/results
@file(run_modus_atpg.tcl) 8: file mkdir $RESULTS_DIR
@file(run_modus_atpg.tcl) 10: set NETLIST $WORKDIR/upcounter_4bit_post_dft.v
@file(run_modus_atpg.tcl) 11: set LIBRARY "/home/install/FOUNDRY/digital/90nm/dig/vlog/typical.v"
@file(run_modus_atpg.tcl) 12: set TESTMODE FULLSCAN
@file(run_modus_atpg.tcl) 14: set ASSIGNFILE ""
@file(run_modus_atpg.tcl) 15: set MODEDEF ""
@file(run_modus_atpg.tcl) 16: catch {
    set ASSIGNFILE [exec bash -c "find $WORKDIR -type f -name \"*.pinassign\" | head -n 1"]
    set MODEDEF [exec bash -c "find $WORKDIR -type f -name \"*.modedef\" | head -n 1"]
}
@file(run_modus_atpg.tcl) 21: puts ">>> Building Test Model"
>>> Building Test Model
@file(run_modus_atpg.tcl) 22: build_model -cell $CELL -workdir $WORKDIR -designsource $NETLIST -techlib $LIBRARY -designtop $CELL -allowmissingmodules yes 
Starting Command: build_model 

INFO (TDA-015): Log File: .//testresults/logs/log_build_model_041626134652-953094000 [end TDA_015]

INFO (TEI-195): Build Model - Controller starting: [end TEI_195] 


Search Order  1:  ".//upcounter_4bit_post_dft.v"
Search Order  2:  "/home/install/FOUNDRY/digital/90nm/dig/vlog/typical.v"



Reading Verilog data from .//upcounter_4bit_post_dft.v

Verilog Parser complete - 1 modules, 0 gates, 0 user defined primitives.


Reading Verilog data from /home/install/FOUNDRY/digital/90nm/dig/vlog/typical.v

Verilog Parser complete - 480 modules, 1855 gates, 3 user defined primitives.



INFO (TEI-196): Build Model - Hierarchical Model Build starting: [end TEI_196] 

WARNING (TEI-110): Pin 'NOTIFIER' of 'cell udp_dff' has no external net connection for any usage in the design. Cell contents file: '/home/install/FOUNDRY/digital/90nm/dig/vlog/typical.v'.  [end TEI_110] 


Number of blocks in the hierarchical model is: 142.

Number of technology library cell instances in the hierarchical model is: 18.


INFO (TEI-197): Build Model - Hierarchical Model Build completed. [end TEI_197] 



INFO (TEI-198): Build Model - Flat Model Build starting: [end TEI_198] 

 defaultTIE = X
 defaultDFN = T


INFO (TLM-055): Design Summary
                --------------

Hierarchical Model:                  Flattened Model:
            142  Blocks                         108  Blocks
            443  Pins                           108  Nodes
            250  Nets

Primary Inputs:                      Primary Outputs:
          6  Input Only                         5  Output Only
          0  Input/Output                       0  Input/Output
          6  Total Inputs                       5  Total Outputs

Tied Nets:                           Dotted Nets:
          8  Tied to 0                          0  Two-State
          4  Tied to 1                          0  Three-State
          0  Tied to X                          0  Total Dotted Nets
         12  Total Tied Nets

Selected Primitive Functions:
          0  Clock Chopper (CHOP) primitives 
          0  RAMs
          0  ROMs
          0  TSDs
          0  Resistors
          0  Transistors
          6  MUX2s
          0  Latches


          4  Rising  Edge Flop w/Set-Dominant and Reset Port
          4  Total Flops

         18  Technology Library Cell Instances

[end TLM_055] 
Optimization removed logic for 2 of 14 cells in this design.

Optimization removed a total of 0 tied Latch Ports.
Optimization removed a total of 4 non-controlling inputs.
Optimization removed a total of 12 dangling logic nodes.



INFO (TEI-199): Build Model - Flat Model Build completed.  [end TEI_199] 


INFO (TDA-001): Maximum Memory used during the run and Cumulative Time in hours:minutes:seconds:

                  Total Memory =          101,331,232  bytes

                      CPU Time =    0:00:00.65
                  Elapsed Time =    0:00:01.23                    [end TDA_001]



INFO (TEI-200): Build Model - Controller completed. [end TEI_200] 




-------------------------------------------------------------------------------
*                      Message Summary                                        *
-------------------------------------------------------------------------------
 Count  Number             First Instance of Message Text
------- ------             ------------------------------

  INFO Messages...
      1 INFO (TEI-195): Build Model - Controller starting:  
      1 INFO (TEI-196): Build Model - Hierarchical Model Build starting:  
      1 INFO (TEI-197): Build Model - Hierarchical Model Build completed.  
      1 INFO (TEI-198): Build Model - Flat Model Build starting:  
      1 INFO (TEI-199): Build Model - Flat Model Build completed.   
      1 INFO (TEI-200): Build Model - Controller completed.  
      1 INFO (TLM-055): Design Summary

  WARNING Messages...
      1 WARNING (TEI-110): Pin 'NOTIFIER' of 'cell udp_dff' has no external net connection for any usage in the design. Cell contents file: '/home/install/FOUNDRY/digital/90nm/dig/vlog/typical.v'.   

 For a detailed explanation of a message and a suggested user response execute 'msgHelp <message id>'.  For example: msgHelp TDA-009

-------------------------------------------------------------------------------
@file(run_modus_atpg.tcl) 24: puts ">>> Building Test Mode $TESTMODE"
>>> Building Test Mode FULLSCAN
@file(run_modus_atpg.tcl) 25: if {$MODEDEF ne ""} {
    build_testmode -workdir $WORKDIR -testmode $TESTMODE -modedef $MODEDEF -assignfile $ASSIGNFILE 
} else {
    build_testmode -workdir $WORKDIR -testmode $TESTMODE -assignfile $ASSIGNFILE 
}
Starting Command: build_testmode 

INFO (TDA-015): Log File: .//testresults/logs/log_build_testmode_FULLSCAN_041626134657-253062000 [end TDA_015]

MODEDEFPATH set to:  /home/install/MODUS201/tools.lnx86/tb/defaults/rules/modedef 
TDRPATH set to: /home/install/MODUS201/tools.lnx86/tb/defaults/rules/tdr 

Modus Build Test Mode(s) beginning...

   TDR NAME      =  dummy.tdr 

   SCAN_TYPE     =  GSD 
   BOUNDARY      =  NONE 
   IN            =  PI 
   OUT           =  PO 

INFO (TTM-391): A default modeinit sequence will be generated.   [end TTM_391] 
INFO (TTM-387): A default scanop sequence will be generated.   [end TTM_387] 
INFO (THM-814): Testmode contains 95.37% active logic,  4.63% inactive logic and  0.00% constraint logic.   [end THM_814] 
WARNING (TTM-347): There is less than 96 percent active logic in this test mode.  Global fault
           coverage is impacted when too little of the logic is visible.   [end TTM_347] 
INFO (TTM-357): There are 1 scan chains which are controllable and observable.   [end TTM_357] 

There are no PPIs for Test Mode:  FULLSCAN

Information for Test Mode:  FULLSCAN
-------------------------

         Scan Type = GSD


 Latch Summary for Test Mode:  FULLSCAN
 Latch Type                #Active   #Inactive       Total
 ---------------------   ---------   ---------   ---------
 Test Constraint (TC)            0           0           0 
 Scan Enable     (SE)            0           0           0 
 Fixed Value     (FV)            0           0           0 
 Floating                        0           0           0 
 Finite State    (FSM)           0           0           0 

WARNING (TTM-809): Test mode FULLSCAN has been created, WARNINGs have been generated -
           see preceding message(s) for details. [end TTM_809] 

Test Function Pin Information for Test Mode:  FULLSCAN
-------------------------------------------

          2  SC    (System  Clock)             Pins
          0  PC    (P Shift Clock)             Pins
          1  EC    (E Shift Clock)             Pins

          0  OSC   (Oscillator)                Pins

          0  TI    (Test Inhibit)              Pins
          1  SE    (Scan Enable)               Pins
          0  CI    (Clock Isolation)           Pins
          0  OI    (Output Inhibit)            Pins

          1  SI    (Scan Input)                Pins
          1  SO    (Scan Output)               Pins

  Pin Index    Type Test Function                         Pin Name / Net Name
  ---------    ---- ----------------------------------    -------------------
          2      PI  -SC                                  reset / reset
          0      PI  -EC  -SC                             clk / clk
          3      PI  +SE                                  scan_en / scan_en
          4      PI   SI                                  scan_in / scan_in
         10      PO   SO                                  scan_out / scan_out



Modus Build Test Mode(s) completed. Highest severity is (WARNING).

            Cumulative Time in hours:minutes:seconds:
                   CPU Time =   0:00:00.07
               Elapsed Time =   0:00:06.99




-------------------------------------------------------------------------------
*                      Message Summary                                        *
-------------------------------------------------------------------------------
 Count  Number             First Instance of Message Text
------- ------             ------------------------------

  INFO Messages...
      1 INFO (THM-814): Testmode contains 95.37% active logic,  4.63% inactive logic and  0.00% constraint logic.    
      1 INFO (TTM-357): There are 1 scan chains which are controllable and observable.    
      1 INFO (TTM-387): A default scanop sequence will be generated.    
      1 INFO (TTM-391): A default modeinit sequence will be generated.    

  WARNING Messages...
      1 WARNING (TTM-347): There is less than 96 percent active logic in this test mode.  Global fault
      1 WARNING (TTM-809): Test mode FULLSCAN has been created, WARNINGs have been generated -

 For a detailed explanation of a message and a suggested user response execute 'msgHelp <message id>'.  For example: msgHelp TDA-009

-------------------------------------------------------------------------------
@file(run_modus_atpg.tcl) 31: puts ">>> Verifying & Reporting Test Structures..."
>>> Verifying & Reporting Test Structures...
@file(run_modus_atpg.tcl) 32: verify_test_structures -workdir $WORKDIR -testmode $TESTMODE > $RESULTS_DIR/verify_structures.rpt
@file(run_modus_atpg.tcl) 33: report_test_structures -workdir $WORKDIR -testmode $TESTMODE > $RESULTS_DIR/test_structures.rpt
@file(run_modus_atpg.tcl) 35: puts ">>> Building Test Fault Model..."
>>> Building Test Fault Model...
@file(run_modus_atpg.tcl) 36: build_faultmodel -fullfault yes
INFO (TUI-772): The command 'build_faultmodel' will release the currently acquired resources. Please set the context and circuit state after completion of the command. [end TUI_772] 

Starting Command: build_faultmodel 

INFO (TDA-015): Log File: ./testresults/logs/log_build_faultmodel_041626134715-277484000 [end TDA_015]

INFO (TFM-099): Build Fault Model started.  [end TFM_099] 
INFO (TFM-102): Creating faultModel file ./tbdata/faultModel.  [end TFM_102] 

Global Ignored Static Fault Count                10
Global Ignored Dynamic Fault Count               18


                            Global Statistics

                    ATCov  ----------------------- Global Faults --------------------------
                   Global        Total       Tested     Possibly    Redundant     Untested

Total Static         0.00          199            0            0            0          199
Collapsed Static     0.00          145            0            0            0          145
PI Static            0.00           10            0            0            0           10
PO Static            0.00           10            0            0            0           10

Total Dynamic        0.00          214            0            0            0          214
Collapsed Dynamic    0.00          146            0            0            0          146
PI Dynamic           0.00           10            0            0            0           10
PO Dynamic           0.00           10            0            0            0           10

Parametric        

IDDq                 0.00          199            0                                    199



INFO (TFM-103): Creating faultStatus file ./tbdata/faultStatus.  [end TFM_103] 

                           Testmode Statistics: FULLSCAN

                 ---- ATCov ---- ------------------------ Testmode Faults ----------------------- ------------------------- Global Faults ------------------------
                 Testmode Global        Total       Tested     Possibly    Redundant     Untested        Total       Tested     Possibly    Redundant     Untested

Total Static         0.00   0.00          199            0            0            0          199          199            0            0            0          199
Collapsed Static     0.00   0.00          145            0            0            0          145          145            0            0            0          145
PI Static            0.00   0.00           10            0            0            0           10           10            0            0            0           10
PO Static            0.00   0.00           10            0            0            0           10           10            0            0            0           10

Total Dynamic        0.00   0.00          184            0            0            0          184          214            0            0            0          214
Collapsed Dynamic    0.00   0.00          124            0            0            0          124          146            0            0            0          146
PI Dynamic           0.00   0.00            6            0            0            0            6           10            0            0            0           10
PO Dynamic           0.00   0.00           10            0            0            0           10           10            0            0            0           10

Parametric        

IDDq                 0.00   0.00          199            0                                    199          199            0                                    199

Path                 0.00   0.00            0            0                                      0            0            0                                      0



INFO (TFM-704): Maximum Global Test Coverage Statistics: 

                  %Active      #Faults      #Active    #Inactive
Total Static       100.00          199          199            0
Collapsed Static   100.00          145          145            0
PI Static          100.00           10           10            0
PO Static          100.00           10           10            0

Total Dynamic       85.98          214          184           30
Collapsed Dynamic   84.93          146          124           22
PI Dynamic          60.00           10            6            4
PO Dynamic         100.00           10           10            0

Parametric        

There are 1 test mode(s) defined:
      FULLSCAN

[end TFM_704]
INFO (TFM-109): Build Fault Model has completed with highest level severity message of INFO.  [end TFM_109] 

INFO (TDA-001): Maximum Memory used during the run and Cumulative Time in hours:minutes:seconds:

                  Total Memory =            6,295,904  bytes

                      CPU Time =    0:00:00.00
                  Elapsed Time =    0:00:00.12                    [end TDA_001]

     Date Ended:  Thursday Apr 16 13:47:16 2026  IST




-------------------------------------------------------------------------------
*                      Message Summary                                        *
-------------------------------------------------------------------------------
 Count  Number             First Instance of Message Text
------- ------             ------------------------------

  INFO Messages...
      1 INFO (TFM-099): Build Fault Model started.   
      1 INFO (TFM-102): Creating faultModel file ./tbdata/faultModel.   
      1 INFO (TFM-103): Creating faultStatus file ./tbdata/faultStatus.   
      1 INFO (TFM-109): Build Fault Model has completed with highest level severity message of INFO.   
      1 INFO (TFM-704): Maximum Global Test Coverage Statistics: 

 For a detailed explanation of a message and a suggested user response execute 'msgHelp <message id>'.  For example: msgHelp TDA-009

-------------------------------------------------------------------------------
@file(run_modus_atpg.tcl) 38: puts ">>> Generating ATPG Tests..."
>>> Generating ATPG Tests...
@file(run_modus_atpg.tcl) 39: create_scanchain_tests -testmode $TESTMODE -experiment scan
Starting Command: create_scanchain_tests 

INFO (TDA-015): Log File: ./testresults/logs/log_create_scanchain_tests_FULLSCAN_scan_041626134717-744210000 [end TDA_015]



****************************************************************************************************
Coverage Definitions:
 #Faults  : Number of Active Faults (observable).
 #Tested  : Number of Active Faults marked tested.
 #Possibly: Number of Active Faults marked possibly tested
            (good value is 0 or 1; fault value is X).
 #Redund  : Number of Active Faults untestable due to redundancy.
 #Untested: Number of Active Faults untested.
 %TCov  (%Test Coverage)                      : #Tested / #Faults
 %ATCov (%Adjusted TCov)                      : #Tested / (#Faults-#Redund)
****************************************************************************************************
****************************************************************************************************
                           Testmode Statistics: FULLSCAN

                           #Faults      #Tested    #Possibly      #Redund    #Untested  %TCov %ATCov
Total Static                   199            0            0            0          199   0.00   0.00
Total Dynamic                  184            0            0            0          184   0.00   0.00

                            Global Statistics

                           #Faults      #Tested    #Possibly      #Redund    #Untested  %TCov %ATCov
Total Static                   199            0            0            0          199   0.00   0.00
Total Dynamic                  214            0            0            0          214   0.00   0.00
****************************************************************************************************

*************************************************************************************************************
INFO (TTC-110): Starting Scan Test generation                                                   [end TTC_110] 

INFO (TDA-220):   --- Tests ---   Faults     ---- ATCov ----   -- Faults --   - Elapsed Time -  [end TDA_220] 
INFO (TDA-220):    Sim.    Eff.  Detected    Tmode    Global     Untested                       [end TDA_220] 
INFO (TDA-220):      1       1         94    47.24%   47.24%          105           00:01.41    [end TDA_220] 
INFO (TTC-110): Ending Scan Test generation                                                     [end TTC_110] 
*************************************************************************************************************

****************************************************************************************************
                           Testmode Statistics: FULLSCAN

                           #Faults      #Tested    #Possibly      #Redund    #Untested  %TCov %ATCov
Total Static                   199           98            0            0          101  49.25  49.25
Total Dynamic                  184           62            0            0          122  33.70  33.70

                            Global Statistics

                           #Faults      #Tested    #Possibly      #Redund    #Untested  %TCov %ATCov
Total Static                   199           98            0            0          101  49.25  49.25
Total Dynamic                  214           62            0            0          152  28.97  28.97
****************************************************************************************************


              ----Final Pattern Statistics----

 Test Section Type                       # Test Sequences
----------------------------------------------------------
 Scan                                           1
----------------------------------------------------------
 Total                                          1

(I) File(s) generated (bytes and name):

          69632 ./tbdata/faultStatus.FULLSCAN.scan
           3932 ./tbdata/TBDbin.FULLSCAN.scan

INFO (TDA-001): Maximum Memory used during the run and Cumulative Time in hours:minutes:seconds:

                  Total Memory =            6,259,424  bytes

                      CPU Time =    0:00:00.04
                  Elapsed Time =    0:00:01.66                    [end TDA_001]

     Date Ended:  Thursday Apr 16 13:47:19 2026  IST




-------------------------------------------------------------------------------
*                      Message Summary                                        *
-------------------------------------------------------------------------------
 Count  Number             First Instance of Message Text
------- ------             ------------------------------

  INFO Messages...
      3 INFO (TDA-220):   --- Tests ---   Faults     ---- ATCov ----   -- Faults --   - Elapsed Time -   
      2 INFO (TTC-110): Starting Scan Test generation                                                    

 For a detailed explanation of a message and a suggested user response execute 'msgHelp <message id>'.  For example: msgHelp TDA-009

-------------------------------------------------------------------------------
@file(run_modus_atpg.tcl) 40: create_logic_tests -testmode $TESTMODE -experiment logic
Starting Command: create_logic_tests 

INFO (TDA-015): Log File: ./testresults/logs/log_create_logic_tests_FULLSCAN_logic_041626134721-886001000 [end TDA_015]



****************************************************************************************************
Coverage Definitions:
 #Faults  : Number of Active Faults (observable).
 #Tested  : Number of Active Faults marked tested.
 #Possibly: Number of Active Faults marked possibly tested
            (good value is 0 or 1; fault value is X).
 #Redund  : Number of Active Faults untestable due to redundancy.
 #Untested: Number of Active Faults untested.
 %TCov  (%Test Coverage)                      : #Tested / #Faults
 %ATCov (%Adjusted TCov)                      : #Tested / (#Faults-#Redund)
****************************************************************************************************
****************************************************************************************************
                           Testmode Statistics: FULLSCAN

                           #Faults      #Tested    #Possibly      #Redund    #Untested  %TCov %ATCov
Total Static                   199            0            0            0          199   0.00   0.00
Total Dynamic                  184            0            0            0          184   0.00   0.00

                            Global Statistics

                           #Faults      #Tested    #Possibly      #Redund    #Untested  %TCov %ATCov
Total Static                   199            0            0            0          199   0.00   0.00
Total Dynamic                  214            0            0            0          214   0.00   0.00
****************************************************************************************************

*************************************************************************************************************
INFO (TTC-110): Starting Scan Test generation                                                   [end TTC_110] 

INFO (TDA-220):   --- Tests ---   Faults     ---- ATCov ----   -- Faults --   - Elapsed Time -  [end TDA_220] 
INFO (TDA-220):    Sim.    Eff.  Detected    Tmode    Global     Untested                       [end TDA_220] 
INFO (TDA-220):      1       1         94    47.24%   47.24%          105           00:01.09    [end TDA_220] 
INFO (TTC-110): Ending Scan Test generation                                                     [end TTC_110] 
*************************************************************************************************************

*************************************************************************************************************
INFO (TTC-110): Starting Reset/Set Test Generation                                              [end TTC_110] 

INFO (TDA-220):   --- Tests ---   Faults     ---- ATCov ----   -- Faults --   - Elapsed Time -  [end TDA_220] 
INFO (TDA-220):    Sim.    Eff.  Detected    Tmode    Global     Untested                       [end TDA_220] 
INFO (TDA-220):      1       1         10    52.26%   52.26%           95           00:01.10    [end TDA_220] 
INFO (TTC-110): Ending Reset/Set Test Generation                                                [end TTC_110] 
*************************************************************************************************************

*************************************************************************************************************
INFO (TTC-110): Starting Static Logic Test generation                                           [end TTC_110] 

INFO (TDA-220):   --- Tests ---   Faults     ---- ATCov ----   -- Faults --   - Elapsed Time -  [end TDA_220] 
INFO (TDA-220):    Sim.    Eff.  Detected    Tmode    Global     Untested                       [end TDA_220] 
INFO (TDA-220):     12      12         95    99.99%   99.99%            0           00:01.10    [end TDA_220] 
INFO (TTC-110): Ending Static Logic Test generation - processing limit reached                  [end TTC_110] 
*************************************************************************************************************

****************************************************************************************************
                           Testmode Statistics: FULLSCAN

                           #Faults      #Tested    #Possibly      #Redund    #Untested  %TCov %ATCov
Total Static                   199          199            0            0            0 100.00 100.00
Total Dynamic                  184           62            0            0          122  33.70  33.70

                            Global Statistics

                           #Faults      #Tested    #Possibly      #Redund    #Untested  %TCov %ATCov
Total Static                   199          199            0            0            0 100.00 100.00
Total Dynamic                  214           62            0            0          152  28.97  28.97
****************************************************************************************************


              ----Final Pattern Statistics----

 Test Section Type                       # Test Sequences
----------------------------------------------------------
 Scan                                           1
 Logic                                          13
----------------------------------------------------------
 Total                                          14

(I) File(s) generated (bytes and name):

          61440 ./tbdata/faultStatus.FULLSCAN.logic
          17365 ./tbdata/TBDbin.FULLSCAN.logic

INFO (TDA-001): Maximum Memory used during the run and Cumulative Time in hours:minutes:seconds:

                  Total Memory =            6,259,072  bytes

                      CPU Time =    0:00:00.05
                  Elapsed Time =    0:00:01.29                    [end TDA_001]

     Date Ended:  Thursday Apr 16 13:47:23 2026  IST




-------------------------------------------------------------------------------
*                      Message Summary                                        *
-------------------------------------------------------------------------------
 Count  Number             First Instance of Message Text
------- ------             ------------------------------

  INFO Messages...
      9 INFO (TDA-220):   --- Tests ---   Faults     ---- ATCov ----   -- Faults --   - Elapsed Time -   
      6 INFO (TTC-110): Starting Scan Test generation                                                    

 For a detailed explanation of a message and a suggested user response execute 'msgHelp <message id>'.  For example: msgHelp TDA-009

-------------------------------------------------------------------------------
@file(run_modus_atpg.tcl) 42: puts ">>> Generating Coverage Statistics..."
>>> Generating Coverage Statistics...
@file(run_modus_atpg.tcl) 43: redirect $RESULTS_DIR/test_coverage_logic.rpt {
    report_statistics -experiment logic
}
@file(run_modus_atpg.tcl) 47: puts ">>> Writing Verilog Vectors..."
>>> Writing Verilog Vectors...
@file(run_modus_atpg.tcl) 48: write_vectors -testmode $TESTMODE -inexperiment logic -language verilog -scanformat serial -outputfilename $RESULTS_DIR/test_results.v
Starting Command: write_vectors 

INFO (TDA-015): Log File: ./testresults/logs/log_write_vectors_FULLSCAN_logic_041626134724-352587000 [end TDA_015]

INFO (TVE-001): Verilog write vectors started.   [end TVE_001] 
INFO (TVE-103): There was no specified TEST offset for this clock 'pin clk'.  A default clock offset of 8.000000 ns will be used.   [end TVE_103] 
INFO (TVE-103): There was no specified SCAN offset for this clock 'pin clk'.  A default clock offset of 16.000000 ns will be used.   [end TVE_103] 
INFO (TVE-103): There was no specified TEST offset for this clock 'pin reset'.  A default clock offset of 8.000000 ns will be used.   [end TVE_103] 
INFO (TVE-004): Reading test section 1.1.  Test section type equals scan.   [end TVE_004] 
INFO (TVE-003): Verilog write vectors output file will be: ./testresults/verilog/.//results/test_results.v.cyclemap.   [end TVE_003] 
INFO (TVE-003): Verilog write vectors output file will be: ./testresults/verilog/.//results/test_results.v.1.verilog.   [end TVE_003] 
INFO (TVE-005): Created 12 total cycles, of which 4 are test cycles, 8 are scan cycles, 0 are dynamic timed cycles and 0 are dynamic cycles that are not timed.   [end TVE_005] 
INFO (TVE-008): Created 4 total measures, of which 0 are PO measures and 4 are SO (Scan Out) measures.  [end TVE_008] 
INFO (TVE-004): Reading test section 1.2.  Test section type equals logic.   [end TVE_004] 
INFO (TVE-003): Verilog write vectors output file will be: ./testresults/verilog/.//results/test_results.v.2.verilog.   [end TVE_003] 
INFO (TVE-005): Created 85 total cycles, of which 29 are test cycles, 56 are scan cycles, 0 are dynamic timed cycles and 0 are dynamic cycles that are not timed.   [end TVE_005] 
INFO (TVE-008): Created 112 total measures, of which 60 are PO measures and 52 are SO (Scan Out) measures.  [end TVE_008] 
INFO (TVE-003): Verilog write vectors output file will be: ./testresults/verilog/.//results/test_results.v.mainsim.v.   [end TVE_003] 

INFO (TVE-050):         TEST SEQUENCE COVERAGE ESTIMATE REPORT  
    Test       | Global   | Global   | Global   | Global   | Global   | Global   | Sequence   | Overlapped | Total      | 
    Sequence   | Static   | Static   | Static   | Dynamic  | Dynamic  | Dynamic  | Cycle      | Cycle      | Cycle      | 
               | Total    | Delta    | Adjusted | Total    | Delta    | Adjusted | Count      | Count      | Count      | 
               | Coverage | Coverage | Total    | Coverage | Coverage | Total    |            |            |            | 
               |          |          | Coverage |          |          | Coverage |            |            |            | 
     1.1.1.1.1 |  0.00    |  0.00    |  0.00    |  0.00    |  0.00    |  0.00    |          1 |          0 |          1 |
     1.1.1.2.1 |  47.24   |  0.00    |  47.24   |  28.97   |  0.00    |  28.97   |         11 |          0 |         12 |
     1.2.1.1.1 |  47.24   |  0.00    |  47.24   |  28.97   |  0.00    |  28.97   |          1 |          0 |         13 |
     1.2.1.2.1 |  52.26   |  5.03    |  52.26   |  28.97   |  0.00    |  28.97   |         11 |          5 |         24 |
     1.2.1.3.1 |  63.32   |  11.06   |  63.32   |  28.97   |  0.00    |  28.97   |          6 |          5 |         30 |
     1.2.1.3.2 |  64.82   |  1.51    |  64.82   |  28.97   |  0.00    |  28.97   |          6 |          5 |         36 |
     1.2.1.3.3 |  65.33   |  0.50    |  65.33   |  28.97   |  0.00    |  28.97   |          6 |          5 |         42 |
     1.2.1.3.4 |  68.84   |  3.52    |  68.84   |  28.97   |  0.00    |  28.97   |          6 |          5 |         48 |
     1.2.1.3.5 |  69.85   |  1.01    |  69.85   |  28.97   |  0.00    |  28.97   |          6 |          5 |         54 |
     1.2.1.3.6 |  87.94   |  18.09   |  87.94   |  28.97   |  0.00    |  28.97   |          6 |          5 |         60 |
     1.2.1.3.7 |  92.46   |  4.52    |  92.46   |  28.97   |  0.00    |  28.97   |          6 |          5 |         66 |
     1.2.1.3.8 |  97.49   |  5.03    |  97.49   |  28.97   |  0.00    |  28.97   |          6 |          5 |         72 |
     1.2.1.3.9 |  98.49   |  1.01    |  98.49   |  28.97   |  0.00    |  28.97   |          6 |          5 |         78 |
    1.2.1.3.10 |  98.99   |  0.50    |  98.99   |  28.97   |  0.00    |  28.97   |          6 |          5 |         84 |
    1.2.1.3.11 |  99.50   |  0.50    |  99.50   |  28.97   |  0.00    |  28.97   |          6 |          5 |         90 |
    1.2.1.3.12 |  100.00   |  0.50    |  100.00   |  28.97   |  0.00    |  28.97   |          7 |          0 |         97 |
  [end TVE_050] 

INFO (TDA-001): Maximum Memory used during the run and Cumulative Time in hours:minutes:seconds:

                  Total Memory =            5,894,608  bytes

                      CPU Time =    0:00:00.01
                  Elapsed Time =    0:00:00.21                    [end TDA_001]

     Date Ended:  Thursday Apr 16 13:47:25 2026  IST

INFO (TVE-002): Verilog write vectors has completed.   [end TVE_002] 



-------------------------------------------------------------------------------
*                      Message Summary                                        *
-------------------------------------------------------------------------------
 Count  Number             First Instance of Message Text
------- ------             ------------------------------

  INFO Messages...
      1 INFO (TVE-001): Verilog write vectors started.    
      1 INFO (TVE-002): Verilog write vectors has completed.    
      4 INFO (TVE-003): Verilog write vectors output file will be: ./testresults/verilog/.//results/test_results.v.cyclemap.    
      2 INFO (TVE-004): Reading test section 1.1.  Test section type equals scan.    
      2 INFO (TVE-005): Created 12 total cycles, of which 4 are test cycles, 8 are scan cycles, 0 are dynamic timed cycles and 0 are dynamic cycles that are not timed.    
      2 INFO (TVE-008): Created 4 total measures, of which 0 are PO measures and 4 are SO (Scan Out) measures.   
      1 INFO (TVE-050):         TEST SEQUENCE COVERAGE ESTIMATE REPORT  
      3 INFO (TVE-103): There was no specified TEST offset for this clock 'pin clk'.  A default clock offset of 8.000000 ns will be used.    

 For a detailed explanation of a message and a suggested user response execute 'msgHelp <message id>'.  For example: msgHelp TDA-009

-------------------------------------------------------------------------------
@file(run_modus_atpg.tcl) 50: puts "\n============================================="

=============================================
@file(run_modus_atpg.tcl) 51: puts "Modus Run Complete."
Modus Run Complete.
@file(run_modus_atpg.tcl) 52: puts "=============================================\n"
=============================================

@file(run_modus_atpg.tcl) 53: gui_open

ERROR (TUI-809): gui_open invocation requires an explicit invocation of 'set_db workdir'to the current working directory.  [end TUI_809]

#@ End verbose source run_modus_atpg.tcl
